<?xml version="1.0" encoding="UTF-8"?>
<!-- Generated by org.testng.reporters.JUnitReportReporter -->
<testsuite hostname="Keenan" failures="0" tests="1" name="com.testngpractise.ParallelExecutopnExample" time="5.539" errors="0" timestamp="2023-10-16T11:39:55 AEDT" skipped="0">
  <testcase classname="com.testngpractise.ParallelExecutopnExample" name="LoginChromeTest" time="5.539"/>
  <system-out/>
</testsuite> <!-- com.testngpractise.ParallelExecutopnExample -->
