<?xml version="1.0" encoding="UTF-8"?>
<!-- Generated by org.testng.reporters.JUnitReportReporter -->
<testsuite hostname="Keenan" failures="0" tests="3" name="com.testngpractise.OrderOfExecutionTestNG" time="0.009" errors="0" timestamp="2023-10-16T10:25:11 AEDT" skipped="0">
  <testcase classname="com.testngpractise.OrderOfExecutionTestNG" name="amethod" time="0.001"/>
  <system-out/>
  <testcase classname="com.testngpractise.OrderOfExecutionTestNG" name="bmethod" time="0.002"/>
  <system-out/>
  <testcase classname="com.testngpractise.OrderOfExecutionTestNG" name="aMethod" time="0.006"/>
  <system-out/>
</testsuite> <!-- com.testngpractise.OrderOfExecutionTestNG -->
