<?xml version="1.0" encoding="UTF-8"?>
<!-- Generated by org.testng.reporters.JUnitReportReporter -->
<testsuite hostname="Keenan" failures="0" tests="1" name="com.testngpractise.AllAnnotationsExample" time="0.006" errors="0" timestamp="2023-10-16T11:46:38 AEDT" skipped="0">
  <testcase classname="com.testngpractise.AllAnnotationsExample" name="Testcase1" time="0.006"/>
  <system-out/>
</testsuite> <!-- com.testngpractise.AllAnnotationsExample -->
