<?xml version="1.0" encoding="UTF-8"?>
<!-- Generated by org.testng.reporters.JUnitReportReporter -->
<testsuite hostname="Keenan" failures="0" tests="3" name="com.testngpractise.GroupsExample" time="0.008" errors="0" timestamp="2023-10-16T10:31:26 AEDT" skipped="0">
  <testcase classname="com.testngpractise.GroupsExample" name="Registrations" time="0.007"/>
  <system-out/>
  <testcase classname="com.testngpractise.GroupsExample" name="additemtowishlist" time="0.000"/>
  <system-out/>
  <testcase classname="com.testngpractise.GroupsExample" name="SearchForProduct" time="0.001"/>
  <system-out/>
</testsuite> <!-- com.testngpractise.GroupsExample -->
