<?xml version="1.0" encoding="UTF-8"?>
<!-- Generated by org.testng.reporters.JUnitReportReporter -->
<testsuite hostname="Keenan" failures="0" tests="2" name="com.testcases.LoginTestCase" time="11.971" errors="0" timestamp="2023-10-17T13:19:50 AEDT" skipped="0">
  <testcase classname="com.testcases.LoginTestCase" name="NegativeLogin" time="7.218"/>
  <system-out/>
  <testcase classname="com.testcases.LoginTestCase" name="LoginTestcase" time="4.753"/>
  <system-out/>
</testsuite> <!-- com.testcases.LoginTestCase -->
