<?xml version="1.0" encoding="UTF-8"?>
<!-- Generated by org.testng.reporters.JUnitReportReporter -->
<testsuite hostname="Keenan" failures="0" tests="14" name="com.testngpractise.DataProviderClassExample" time="0.012" errors="0" timestamp="2023-10-16T11:06:01 AEDT" skipped="0">
  <testcase classname="com.testngpractise.DataProviderClassExample" name="CheckQuantityForProduct" time="0.000"/>
  <system-out/>
  <testcase classname="com.testngpractise.DataProviderClassExample" name="SearchforProduct" time="0.001"/>
  <system-out/>
  <testcase classname="com.testngpractise.DataProviderClassExample" name="CheckQuantity" time="0.000"/>
  <system-out/>
  <testcase classname="com.testngpractise.DataProviderClassExample" name="SearchforProduct" time="0.000"/>
  <system-out/>
  <testcase classname="com.testngpractise.DataProviderClassExample" name="CheckQuantityForProduct" time="0.001"/>
  <system-out/>
  <testcase classname="com.testngpractise.DataProviderClassExample" name="SearchforProduct" time="0.001"/>
  <system-out/>
  <testcase classname="com.testngpractise.DataProviderClassExample" name="SearchforProduct" time="0.000"/>
  <system-out/>
  <testcase classname="com.testngpractise.DataProviderClassExample" name="CheckQuantity" time="0.000"/>
  <system-out/>
  <testcase classname="com.testngpractise.DataProviderClassExample" name="SearchforProduct" time="0.000"/>
  <system-out/>
  <testcase classname="com.testngpractise.DataProviderClassExample" name="SearchforProduct" time="0.000"/>
  <system-out/>
  <testcase classname="com.testngpractise.DataProviderClassExample" name="CheckQuantityForProduct" time="0.001"/>
  <system-out/>
  <testcase classname="com.testngpractise.DataProviderClassExample" name="CheckQuantity" time="0.008"/>
  <system-out/>
  <testcase classname="com.testngpractise.DataProviderClassExample" name="CheckQuantity" time="0.000"/>
  <system-out/>
  <testcase classname="com.testngpractise.DataProviderClassExample" name="CheckQuantityForProduct" time="0.000"/>
  <system-out/>
</testsuite> <!-- com.testngpractise.DataProviderClassExample -->
