<?xml version="1.0" encoding="UTF-8"?>
<!-- Generated by org.testng.reporters.JUnitReportReporter -->
<testsuite hostname="Keenan" failures="0" tests="1" name="com.testngpractise.DataProviderExample" time="12.029" errors="0" timestamp="2023-10-16T10:16:56 AEDT" skipped="0">
  <testcase classname="com.testngpractise.DataProviderExample" name="LoginTestCase" time="12.029"/>
  <system-out/>
</testsuite> <!-- com.testngpractise.DataProviderExample -->
