<?xml version="1.0" encoding="UTF-8"?>
<!-- Generated by org.testng.reporters.JUnitReportReporter -->
<testsuite hostname="Keenan" failures="0" tests="1" name="com.testngpractise.TestNGAssertionExample" time="3.305" errors="0" timestamp="2023-10-16T10:50:26 AEDT" skipped="0">
  <testcase classname="com.testngpractise.TestNGAssertionExample" name="AssertExampleProgram" time="3.305"/>
  <system-out/>
</testsuite> <!-- com.testngpractise.TestNGAssertionExample -->
