<?xml version="1.0" encoding="UTF-8"?>
<!-- Generated by org.testng.reporters.JUnitReportReporter -->
<testsuite hostname="Keenan" failures="0" tests="5" name="com.testngpractise.SettingPriorityExample" time="0.004" errors="0" timestamp="2023-10-16T11:46:38 AEDT" skipped="0">
  <testcase classname="com.testngpractise.SettingPriorityExample" name="OpenBrowser" time="0.004"/>
  <system-out/>
  <testcase classname="com.testngpractise.SettingPriorityExample" name="Login" time="0.000"/>
  <system-out/>
  <testcase classname="com.testngpractise.SettingPriorityExample" name="AddItemCart" time="0.000"/>
  <system-out/>
  <testcase classname="com.testngpractise.SettingPriorityExample" name="AddMobileItem" time="0.000"/>
  <system-out/>
  <testcase classname="com.testngpractise.SettingPriorityExample" name="CloseBrowser" time="0.000"/>
  <system-out/>
</testsuite> <!-- com.testngpractise.SettingPriorityExample -->
